<?xml version="1.0" encoding="UTF-8"?>
<testsuite name="MotorTest" tests="8" skipped="0" failures="0" errors="0" timestamp="2019-08-12T20:18:06" hostname="AR0FVFYM19GHV2J" time="0.033">
  <properties/>
  <testcase name="subirTemperatura" classname="MotorTest" time="0.026"/>
  <testcase name="bajarPotencia" classname="MotorTest" time="0.001"/>
  <testcase name="crearMotorNuclear" classname="MotorTest" time="0.003"/>
  <testcase name="subirPotencia" classname="MotorTest" time="0.0"/>
  <testcase name="bajarTemperatura" classname="MotorTest" time="0.0"/>
  <testcase name="crearMotorSolar" classname="MotorTest" time="0.0"/>
  <testcase name="crearMotor" classname="MotorTest" time="0.0"/>
  <testcase name="crearMotorCombustible" classname="MotorTest" time="0.001"/>
  <system-out><![CDATA[]]></system-out>
  <system-err><![CDATA[]]></system-err>
</testsuite>
